{"total": {"lines":{"total":87,"covered":66,"skipped":0,"pct":75.86},"statements":{"total":89,"covered":66,"skipped":0,"pct":74.15},"functions":{"total":15,"covered":9,"skipped":0,"pct":60},"branches":{"total":16,"covered":9,"skipped":0,"pct":56.25},"branchesTrue":{"total":0,"covered":0,"skipped":0,"pct":100}}
,"/Users/macdev2/Desktop/SPRINGBEE/Springboard/express-bookstore/app.js": {"lines":{"total":13,"covered":11,"skipped":0,"pct":84.61},"functions":{"total":2,"covered":1,"skipped":0,"pct":50},"statements":{"total":13,"covered":11,"skipped":0,"pct":84.61},"branches":{"total":2,"covered":2,"skipped":0,"pct":100}}
,"/Users/macdev2/Desktop/SPRINGBEE/Springboard/express-bookstore/config.js": {"lines":{"total":5,"covered":4,"skipped":0,"pct":80},"functions":{"total":0,"covered":0,"skipped":0,"pct":100},"statements":{"total":5,"covered":4,"skipped":0,"pct":80},"branches":{"total":4,"covered":1,"skipped":0,"pct":25}}
,"/Users/macdev2/Desktop/SPRINGBEE/Springboard/express-bookstore/db.js": {"lines":{"total":5,"covered":5,"skipped":0,"pct":100},"functions":{"total":0,"covered":0,"skipped":0,"pct":100},"statements":{"total":5,"covered":5,"skipped":0,"pct":100},"branches":{"total":0,"covered":0,"skipped":0,"pct":100}}
,"/Users/macdev2/Desktop/SPRINGBEE/Springboard/express-bookstore/expressError.js": {"lines":{"total":5,"covered":1,"skipped":0,"pct":20},"functions":{"total":1,"covered":0,"skipped":0,"pct":0},"statements":{"total":5,"covered":1,"skipped":0,"pct":20},"branches":{"total":0,"covered":0,"skipped":0,"pct":100}}
,"/Users/macdev2/Desktop/SPRINGBEE/Springboard/express-bookstore/models/book.js": {"lines":{"total":17,"covered":14,"skipped":0,"pct":82.35},"functions":{"total":5,"covered":4,"skipped":0,"pct":80},"statements":{"total":17,"covered":14,"skipped":0,"pct":82.35},"branches":{"total":6,"covered":4,"skipped":0,"pct":66.66}}
,"/Users/macdev2/Desktop/SPRINGBEE/Springboard/express-bookstore/routes/books.js": {"lines":{"total":42,"covered":31,"skipped":0,"pct":73.8},"functions":{"total":7,"covered":4,"skipped":0,"pct":57.14},"statements":{"total":44,"covered":31,"skipped":0,"pct":70.45},"branches":{"total":4,"covered":2,"skipped":0,"pct":50}}
}
