{"/Users/macdev2/Desktop/SPRINGBEE/Springboard/express-bookstore/app.js": {"path":"/Users/macdev2/Desktop/SPRINGBEE/Springboard/express-bookstore/app.js","statementMap":{"0":{"start":{"line":3,"column":16},"end":{"line":3,"column":34}},"1":{"start":{"line":4,"column":12},"end":{"line":4,"column":21}},"2":{"start":{"line":6,"column":0},"end":{"line":6,"column":24}},"3":{"start":{"line":8,"column":21},"end":{"line":8,"column":46}},"4":{"start":{"line":9,"column":19},"end":{"line":9,"column":44}},"5":{"start":{"line":11,"column":0},"end":{"line":11,"column":30}},"6":{"start":{"line":15,"column":0},"end":{"line":18,"column":3}},"7":{"start":{"line":16,"column":14},"end":{"line":16,"column":48}},"8":{"start":{"line":17,"column":2},"end":{"line":17,"column":19}},"9":{"start":{"line":23,"column":0},"end":{"line":30,"column":3}},"10":{"start":{"line":24,"column":2},"end":{"line":24,"column":32}},"11":{"start":{"line":26,"column":2},"end":{"line":29,"column":5}},"12":{"start":{"line":33,"column":0},"end":{"line":33,"column":21}}},"fnMap":{"0":{"name":"(anonymous_0)","decl":{"start":{"line":15,"column":8},"end":{"line":15,"column":9}},"loc":{"start":{"line":15,"column":34},"end":{"line":18,"column":1}},"line":15},"1":{"name":"(anonymous_1)","decl":{"start":{"line":23,"column":8},"end":{"line":23,"column":9}},"loc":{"start":{"line":23,"column":38},"end":{"line":30,"column":1}},"line":23}},"branchMap":{"0":{"loc":{"start":{"line":24,"column":13},"end":{"line":24,"column":30}},"type":"binary-expr","locations":[{"start":{"line":24,"column":13},"end":{"line":24,"column":23}},{"start":{"line":24,"column":27},"end":{"line":24,"column":30}}],"line":24}},"s":{"0":1,"1":1,"2":1,"3":1,"4":1,"5":1,"6":1,"7":0,"8":0,"9":1,"10":3,"11":3,"12":1},"f":{"0":0,"1":3},"b":{"0":[3,1]},"_coverageSchema":"1a1c01bbd47fc00a2c39e90264f33305004495a9","hash":"29e203db92cc1c6c17669c13ea08d50bd90434fa"}
,"/Users/macdev2/Desktop/SPRINGBEE/Springboard/express-bookstore/config.js": {"path":"/Users/macdev2/Desktop/SPRINGBEE/Springboard/express-bookstore/config.js","statementMap":{"0":{"start":{"line":4,"column":13},"end":{"line":4,"column":28}},"1":{"start":{"line":6,"column":0},"end":{"line":10,"column":1}},"2":{"start":{"line":7,"column":2},"end":{"line":7,"column":34}},"3":{"start":{"line":9,"column":2},"end":{"line":9,"column":57}},"4":{"start":{"line":13,"column":0},"end":{"line":13,"column":28}}},"fnMap":{},"branchMap":{"0":{"loc":{"start":{"line":6,"column":0},"end":{"line":10,"column":1}},"type":"if","locations":[{"start":{"line":6,"column":0},"end":{"line":10,"column":1}},{"start":{"line":8,"column":7},"end":{"line":10,"column":1}}],"line":6},"1":{"loc":{"start":{"line":9,"column":11},"end":{"line":9,"column":56}},"type":"binary-expr","locations":[{"start":{"line":9,"column":11},"end":{"line":9,"column":35}},{"start":{"line":9,"column":39},"end":{"line":9,"column":56}}],"line":9}},"s":{"0":1,"1":1,"2":1,"3":0,"4":1},"f":{},"b":{"0":[1,0],"1":[0,0]},"_coverageSchema":"1a1c01bbd47fc00a2c39e90264f33305004495a9","hash":"3c041d90e65cba5f80147833a50858aec9004dc1"}
,"/Users/macdev2/Desktop/SPRINGBEE/Springboard/express-bookstore/db.js": {"path":"/Users/macdev2/Desktop/SPRINGBEE/Springboard/express-bookstore/db.js","statementMap":{"0":{"start":{"line":4,"column":19},"end":{"line":4,"column":32}},"1":{"start":{"line":5,"column":17},"end":{"line":5,"column":36}},"2":{"start":{"line":7,"column":9},"end":{"line":9,"column":2}},"3":{"start":{"line":11,"column":0},"end":{"line":11,"column":13}},"4":{"start":{"line":14,"column":0},"end":{"line":14,"column":20}}},"fnMap":{},"branchMap":{},"s":{"0":1,"1":1,"2":1,"3":1,"4":1},"f":{},"b":{},"_coverageSchema":"1a1c01bbd47fc00a2c39e90264f33305004495a9","hash":"21a056703232ca72382fd28298dfe7663858d565"}
,"/Users/macdev2/Desktop/SPRINGBEE/Springboard/express-bookstore/expressError.js": {"path":"/Users/macdev2/Desktop/SPRINGBEE/Springboard/express-bookstore/expressError.js","statementMap":{"0":{"start":{"line":9,"column":4},"end":{"line":9,"column":12}},"1":{"start":{"line":10,"column":4},"end":{"line":10,"column":27}},"2":{"start":{"line":11,"column":4},"end":{"line":11,"column":25}},"3":{"start":{"line":12,"column":4},"end":{"line":12,"column":30}},"4":{"start":{"line":17,"column":0},"end":{"line":17,"column":30}}},"fnMap":{"0":{"name":"(anonymous_0)","decl":{"start":{"line":8,"column":2},"end":{"line":8,"column":3}},"loc":{"start":{"line":8,"column":31},"end":{"line":13,"column":3}},"line":8}},"branchMap":{},"s":{"0":0,"1":0,"2":0,"3":0,"4":1},"f":{"0":0},"b":{},"_coverageSchema":"1a1c01bbd47fc00a2c39e90264f33305004495a9","hash":"a06ad7757dd503e03447a8d81ee4adf7643b0d3d"}
,"/Users/macdev2/Desktop/SPRINGBEE/Springboard/express-bookstore/models/book.js": {"path":"/Users/macdev2/Desktop/SPRINGBEE/Springboard/express-bookstore/models/book.js","statementMap":{"0":{"start":{"line":1,"column":11},"end":{"line":1,"column":27}},"1":{"start":{"line":14,"column":20},"end":{"line":24,"column":37}},"2":{"start":{"line":26,"column":4},"end":{"line":28,"column":5}},"3":{"start":{"line":27,"column":6},"end":{"line":27,"column":78}},"4":{"start":{"line":30,"column":4},"end":{"line":30,"column":27}},"5":{"start":{"line":41,"column":21},"end":{"line":51,"column":28}},"6":{"start":{"line":53,"column":4},"end":{"line":53,"column":25}},"7":{"start":{"line":65,"column":19},"end":{"line":94,"column":5}},"8":{"start":{"line":96,"column":4},"end":{"line":96,"column":26}},"9":{"start":{"line":108,"column":19},"end":{"line":136,"column":5}},"10":{"start":{"line":138,"column":4},"end":{"line":140,"column":5}},"11":{"start":{"line":139,"column":6},"end":{"line":139,"column":78}},"12":{"start":{"line":142,"column":4},"end":{"line":142,"column":26}},"13":{"start":{"line":148,"column":19},"end":{"line":152,"column":15}},"14":{"start":{"line":154,"column":4},"end":{"line":156,"column":5}},"15":{"start":{"line":155,"column":6},"end":{"line":155,"column":78}},"16":{"start":{"line":161,"column":0},"end":{"line":161,"column":22}}},"fnMap":{"0":{"name":"(anonymous_0)","decl":{"start":{"line":13,"column":2},"end":{"line":13,"column":3}},"loc":{"start":{"line":13,"column":29},"end":{"line":31,"column":3}},"line":13},"1":{"name":"(anonymous_1)","decl":{"start":{"line":40,"column":2},"end":{"line":40,"column":3}},"loc":{"start":{"line":40,"column":25},"end":{"line":54,"column":3}},"line":40},"2":{"name":"(anonymous_2)","decl":{"start":{"line":64,"column":2},"end":{"line":64,"column":3}},"loc":{"start":{"line":64,"column":28},"end":{"line":97,"column":3}},"line":64},"3":{"name":"(anonymous_3)","decl":{"start":{"line":107,"column":2},"end":{"line":107,"column":3}},"loc":{"start":{"line":107,"column":34},"end":{"line":143,"column":3}},"line":107},"4":{"name":"(anonymous_4)","decl":{"start":{"line":147,"column":2},"end":{"line":147,"column":3}},"loc":{"start":{"line":147,"column":28},"end":{"line":157,"column":3}},"line":147}},"branchMap":{"0":{"loc":{"start":{"line":26,"column":4},"end":{"line":28,"column":5}},"type":"if","locations":[{"start":{"line":26,"column":4},"end":{"line":28,"column":5}},{"start":{},"end":{}}],"line":26},"1":{"loc":{"start":{"line":138,"column":4},"end":{"line":140,"column":5}},"type":"if","locations":[{"start":{"line":138,"column":4},"end":{"line":140,"column":5}},{"start":{},"end":{}}],"line":138},"2":{"loc":{"start":{"line":154,"column":4},"end":{"line":156,"column":5}},"type":"if","locations":[{"start":{"line":154,"column":4},"end":{"line":156,"column":5}},{"start":{},"end":{}}],"line":154}},"s":{"0":1,"1":2,"2":2,"3":1,"4":1,"5":1,"6":1,"7":2,"8":1,"9":2,"10":2,"11":1,"12":1,"13":0,"14":0,"15":0,"16":1},"f":{"0":2,"1":1,"2":2,"3":2,"4":0},"b":{"0":[1,1],"1":[1,1],"2":[0,0]},"_coverageSchema":"1a1c01bbd47fc00a2c39e90264f33305004495a9","hash":"99fc0d4b7873b8fc932eb3eb0075b98effc84593"}
,"/Users/macdev2/Desktop/SPRINGBEE/Springboard/express-bookstore/routes/books.js": {"path":"/Users/macdev2/Desktop/SPRINGBEE/Springboard/express-bookstore/routes/books.js","statementMap":{"0":{"start":{"line":1,"column":16},"end":{"line":1,"column":34}},"1":{"start":{"line":2,"column":13},"end":{"line":2,"column":38}},"2":{"start":{"line":3,"column":15},"end":{"line":3,"column":35}},"3":{"start":{"line":4,"column":21},"end":{"line":4,"column":47}},"4":{"start":{"line":5,"column":19},"end":{"line":5,"column":40}},"5":{"start":{"line":6,"column":19},"end":{"line":6,"column":56}},"6":{"start":{"line":10,"column":0},"end":{"line":17,"column":3}},"7":{"start":{"line":11,"column":2},"end":{"line":16,"column":3}},"8":{"start":{"line":12,"column":18},"end":{"line":12,"column":47}},"9":{"start":{"line":13,"column":4},"end":{"line":13,"column":31}},"10":{"start":{"line":15,"column":4},"end":{"line":15,"column":21}},"11":{"start":{"line":21,"column":0},"end":{"line":28,"column":3}},"12":{"start":{"line":22,"column":2},"end":{"line":27,"column":3}},"13":{"start":{"line":23,"column":17},"end":{"line":23,"column":50}},"14":{"start":{"line":24,"column":4},"end":{"line":24,"column":30}},"15":{"start":{"line":26,"column":4},"end":{"line":26,"column":21}},"16":{"start":{"line":32,"column":0},"end":{"line":47,"column":3}},"17":{"start":{"line":33,"column":2},"end":{"line":46,"column":3}},"18":{"start":{"line":34,"column":19},"end":{"line":34,"column":60}},"19":{"start":{"line":35,"column":4},"end":{"line":43,"column":5}},"20":{"start":{"line":36,"column":27},"end":{"line":36,"column":58}},"21":{"start":{"line":36,"column":50},"end":{"line":36,"column":57}},"22":{"start":{"line":37,"column":18},"end":{"line":37,"column":53}},"23":{"start":{"line":39,"column":6},"end":{"line":39,"column":26}},"24":{"start":{"line":41,"column":19},"end":{"line":41,"column":46}},"25":{"start":{"line":42,"column":6},"end":{"line":42,"column":44}},"26":{"start":{"line":45,"column":4},"end":{"line":45,"column":21}},"27":{"start":{"line":51,"column":0},"end":{"line":65,"column":3}},"28":{"start":{"line":52,"column":2},"end":{"line":64,"column":3}},"29":{"start":{"line":53,"column":19},"end":{"line":53,"column":60}},"30":{"start":{"line":54,"column":4},"end":{"line":61,"column":5}},"31":{"start":{"line":55,"column":27},"end":{"line":55,"column":58}},"32":{"start":{"line":55,"column":50},"end":{"line":55,"column":57}},"33":{"start":{"line":56,"column":18},"end":{"line":56,"column":53}},"34":{"start":{"line":57,"column":6},"end":{"line":57,"column":26}},"35":{"start":{"line":59,"column":19},"end":{"line":59,"column":63}},"36":{"start":{"line":60,"column":6},"end":{"line":60,"column":32}},"37":{"start":{"line":63,"column":4},"end":{"line":63,"column":21}},"38":{"start":{"line":69,"column":0},"end":{"line":76,"column":3}},"39":{"start":{"line":70,"column":2},"end":{"line":75,"column":3}},"40":{"start":{"line":71,"column":4},"end":{"line":71,"column":39}},"41":{"start":{"line":72,"column":4},"end":{"line":72,"column":49}},"42":{"start":{"line":74,"column":4},"end":{"line":74,"column":21}},"43":{"start":{"line":78,"column":0},"end":{"line":78,"column":24}}},"fnMap":{"0":{"name":"(anonymous_0)","decl":{"start":{"line":10,"column":16},"end":{"line":10,"column":17}},"loc":{"start":{"line":10,"column":48},"end":{"line":17,"column":1}},"line":10},"1":{"name":"(anonymous_1)","decl":{"start":{"line":21,"column":19},"end":{"line":21,"column":20}},"loc":{"start":{"line":21,"column":51},"end":{"line":28,"column":1}},"line":21},"2":{"name":"(anonymous_2)","decl":{"start":{"line":32,"column":17},"end":{"line":32,"column":18}},"loc":{"start":{"line":32,"column":49},"end":{"line":47,"column":1}},"line":32},"3":{"name":"(anonymous_3)","decl":{"start":{"line":36,"column":45},"end":{"line":36,"column":46}},"loc":{"start":{"line":36,"column":50},"end":{"line":36,"column":57}},"line":36},"4":{"name":"(anonymous_4)","decl":{"start":{"line":51,"column":21},"end":{"line":51,"column":22}},"loc":{"start":{"line":51,"column":53},"end":{"line":65,"column":1}},"line":51},"5":{"name":"(anonymous_5)","decl":{"start":{"line":55,"column":45},"end":{"line":55,"column":46}},"loc":{"start":{"line":55,"column":50},"end":{"line":55,"column":57}},"line":55},"6":{"name":"(anonymous_6)","decl":{"start":{"line":69,"column":24},"end":{"line":69,"column":25}},"loc":{"start":{"line":69,"column":56},"end":{"line":76,"column":1}},"line":69}},"branchMap":{"0":{"loc":{"start":{"line":35,"column":4},"end":{"line":43,"column":5}},"type":"if","locations":[{"start":{"line":35,"column":4},"end":{"line":43,"column":5}},{"start":{"line":40,"column":11},"end":{"line":43,"column":5}}],"line":35},"1":{"loc":{"start":{"line":54,"column":4},"end":{"line":61,"column":5}},"type":"if","locations":[{"start":{"line":54,"column":4},"end":{"line":61,"column":5}},{"start":{"line":58,"column":11},"end":{"line":61,"column":5}}],"line":54}},"s":{"0":1,"1":1,"2":1,"3":1,"4":1,"5":1,"6":1,"7":1,"8":1,"9":1,"10":0,"11":1,"12":2,"13":2,"14":1,"15":1,"16":1,"17":2,"18":2,"19":2,"20":0,"21":0,"22":0,"23":0,"24":2,"25":1,"26":1,"27":1,"28":2,"29":2,"30":2,"31":0,"32":0,"33":0,"34":0,"35":2,"36":1,"37":1,"38":1,"39":0,"40":0,"41":0,"42":0,"43":1},"f":{"0":1,"1":2,"2":2,"3":0,"4":2,"5":0,"6":0},"b":{"0":[0,2],"1":[0,2]},"_coverageSchema":"1a1c01bbd47fc00a2c39e90264f33305004495a9","hash":"f2c210f2549c1905a830af5bd968eadb1e7f2988"}
}
