TN:
SF:app.js
FN:15,(anonymous_0)
FN:23,(anonymous_1)
FNF:2
FNH:1
FNDA:0,(anonymous_0)
FNDA:3,(anonymous_1)
DA:3,1
DA:4,1
DA:6,1
DA:8,1
DA:9,1
DA:11,1
DA:15,1
DA:16,0
DA:17,0
DA:23,1
DA:24,3
DA:26,3
DA:33,1
LF:13
LH:11
BRDA:24,0,0,3
BRDA:24,0,1,1
BRF:2
BRH:2
end_of_record
TN:
SF:config.js
FNF:0
FNH:0
DA:4,1
DA:6,1
DA:7,1
DA:9,0
DA:13,1
LF:5
LH:4
BRDA:6,0,0,1
BRDA:6,0,1,0
BRDA:9,1,0,0
BRDA:9,1,1,0
BRF:4
BRH:1
end_of_record
TN:
SF:db.js
FNF:0
FNH:0
DA:4,1
DA:5,1
DA:7,1
DA:11,1
DA:14,1
LF:5
LH:5
BRF:0
BRH:0
end_of_record
TN:
SF:expressError.js
FN:8,(anonymous_0)
FNF:1
FNH:0
FNDA:0,(anonymous_0)
DA:9,0
DA:10,0
DA:11,0
DA:12,0
DA:17,1
LF:5
LH:1
BRF:0
BRH:0
end_of_record
TN:
SF:models/book.js
FN:13,(anonymous_0)
FN:40,(anonymous_1)
FN:64,(anonymous_2)
FN:107,(anonymous_3)
FN:147,(anonymous_4)
FNF:5
FNH:4
FNDA:2,(anonymous_0)
FNDA:1,(anonymous_1)
FNDA:2,(anonymous_2)
FNDA:2,(anonymous_3)
FNDA:0,(anonymous_4)
DA:1,1
DA:14,2
DA:26,2
DA:27,1
DA:30,1
DA:41,1
DA:53,1
DA:65,2
DA:96,1
DA:108,2
DA:138,2
DA:139,1
DA:142,1
DA:148,0
DA:154,0
DA:155,0
DA:161,1
LF:17
LH:14
BRDA:26,0,0,1
BRDA:26,0,1,1
BRDA:138,1,0,1
BRDA:138,1,1,1
BRDA:154,2,0,0
BRDA:154,2,1,0
BRF:6
BRH:4
end_of_record
TN:
SF:routes/books.js
FN:10,(anonymous_0)
FN:21,(anonymous_1)
FN:32,(anonymous_2)
FN:36,(anonymous_3)
FN:51,(anonymous_4)
FN:55,(anonymous_5)
FN:69,(anonymous_6)
FNF:7
FNH:4
FNDA:1,(anonymous_0)
FNDA:2,(anonymous_1)
FNDA:2,(anonymous_2)
FNDA:0,(anonymous_3)
FNDA:2,(anonymous_4)
FNDA:0,(anonymous_5)
FNDA:0,(anonymous_6)
DA:1,1
DA:2,1
DA:3,1
DA:4,1
DA:5,1
DA:6,1
DA:10,1
DA:11,1
DA:12,1
DA:13,1
DA:15,0
DA:21,1
DA:22,2
DA:23,2
DA:24,1
DA:26,1
DA:32,1
DA:33,2
DA:34,2
DA:35,2
DA:36,0
DA:37,0
DA:39,0
DA:41,2
DA:42,1
DA:45,1
DA:51,1
DA:52,2
DA:53,2
DA:54,2
DA:55,0
DA:56,0
DA:57,0
DA:59,2
DA:60,1
DA:63,1
DA:69,1
DA:70,0
DA:71,0
DA:72,0
DA:74,0
DA:78,1
LF:42
LH:31
BRDA:35,0,0,0
BRDA:35,0,1,2
BRDA:54,1,0,0
BRDA:54,1,1,2
BRF:4
BRH:2
end_of_record
