{"/Users/macdev2/Desktop/SPRINGBEE/Springboard/express-biztime/routes/companies.js": {"path":"/Users/macdev2/Desktop/SPRINGBEE/Springboard/express-biztime/routes/companies.js","statementMap":{"0":{"start":{"line":1,"column":16},"end":{"line":1,"column":34}},"1":{"start":{"line":2,"column":21},"end":{"line":2,"column":47}},"2":{"start":{"line":3,"column":15},"end":{"line":3,"column":31}},"3":{"start":{"line":4,"column":11},"end":{"line":4,"column":27}},"4":{"start":{"line":5,"column":16},"end":{"line":5,"column":37}},"5":{"start":{"line":7,"column":0},"end":{"line":14,"column":2}},"6":{"start":{"line":8,"column":4},"end":{"line":13,"column":5}},"7":{"start":{"line":9,"column":24},"end":{"line":9,"column":65}},"8":{"start":{"line":10,"column":8},"end":{"line":10,"column":62}},"9":{"start":{"line":12,"column":8},"end":{"line":12,"column":15}},"10":{"start":{"line":16,"column":0},"end":{"line":27,"column":2}},"11":{"start":{"line":17,"column":4},"end":{"line":26,"column":5}},"12":{"start":{"line":18,"column":23},"end":{"line":18,"column":33}},"13":{"start":{"line":19,"column":24},"end":{"line":19,"column":87}},"14":{"start":{"line":20,"column":8},"end":{"line":22,"column":11}},"15":{"start":{"line":21,"column":12},"end":{"line":21,"column":82}},"16":{"start":{"line":23,"column":8},"end":{"line":23,"column":63}},"17":{"start":{"line":25,"column":8},"end":{"line":25,"column":15}},"18":{"start":{"line":29,"column":0},"end":{"line":41,"column":2}},"19":{"start":{"line":30,"column":4},"end":{"line":40,"column":5}},"20":{"start":{"line":31,"column":19},"end":{"line":31,"column":34}},"21":{"start":{"line":32,"column":36},"end":{"line":32,"column":44}},"22":{"start":{"line":33,"column":24},"end":{"line":33,"column":161}},"23":{"start":{"line":34,"column":8},"end":{"line":36,"column":11}},"24":{"start":{"line":35,"column":12},"end":{"line":35,"column":72}},"25":{"start":{"line":37,"column":8},"end":{"line":37,"column":63}},"26":{"start":{"line":39,"column":8},"end":{"line":39,"column":15}},"27":{"start":{"line":43,"column":0},"end":{"line":51,"column":2}},"28":{"start":{"line":44,"column":4},"end":{"line":50,"column":5}},"29":{"start":{"line":45,"column":42},"end":{"line":45,"column":50}},"30":{"start":{"line":46,"column":24},"end":{"line":46,"column":170}},"31":{"start":{"line":47,"column":8},"end":{"line":47,"column":63}},"32":{"start":{"line":49,"column":8},"end":{"line":49,"column":15}},"33":{"start":{"line":53,"column":0},"end":{"line":64,"column":2}},"34":{"start":{"line":54,"column":4},"end":{"line":63,"column":5}},"35":{"start":{"line":55,"column":23},"end":{"line":55,"column":33}},"36":{"start":{"line":56,"column":24},"end":{"line":56,"column":100}},"37":{"start":{"line":57,"column":8},"end":{"line":59,"column":11}},"38":{"start":{"line":58,"column":12},"end":{"line":58,"column":77}},"39":{"start":{"line":60,"column":8},"end":{"line":60,"column":56}},"40":{"start":{"line":62,"column":8},"end":{"line":62,"column":15}},"41":{"start":{"line":68,"column":0},"end":{"line":68,"column":23}}},"fnMap":{"0":{"name":"(anonymous_0)","decl":{"start":{"line":7,"column":16},"end":{"line":7,"column":17}},"loc":{"start":{"line":7,"column":42},"end":{"line":14,"column":1}},"line":7},"1":{"name":"(anonymous_1)","decl":{"start":{"line":16,"column":21},"end":{"line":16,"column":22}},"loc":{"start":{"line":16,"column":47},"end":{"line":27,"column":1}},"line":16},"2":{"name":"(anonymous_2)","decl":{"start":{"line":29,"column":21},"end":{"line":29,"column":22}},"loc":{"start":{"line":29,"column":47},"end":{"line":41,"column":1}},"line":29},"3":{"name":"(anonymous_3)","decl":{"start":{"line":43,"column":17},"end":{"line":43,"column":18}},"loc":{"start":{"line":43,"column":43},"end":{"line":51,"column":1}},"line":43},"4":{"name":"(anonymous_4)","decl":{"start":{"line":53,"column":24},"end":{"line":53,"column":25}},"loc":{"start":{"line":53,"column":50},"end":{"line":64,"column":1}},"line":53}},"branchMap":{"0":{"loc":{"start":{"line":20,"column":8},"end":{"line":22,"column":11}},"type":"if","locations":[{"start":{"line":20,"column":8},"end":{"line":22,"column":11}},{"start":{},"end":{}}],"line":20},"1":{"loc":{"start":{"line":34,"column":8},"end":{"line":36,"column":11}},"type":"if","locations":[{"start":{"line":34,"column":8},"end":{"line":36,"column":11}},{"start":{},"end":{}}],"line":34},"2":{"loc":{"start":{"line":57,"column":8},"end":{"line":59,"column":11}},"type":"if","locations":[{"start":{"line":57,"column":8},"end":{"line":59,"column":11}},{"start":{},"end":{}}],"line":57}},"s":{"0":2,"1":2,"2":2,"3":2,"4":2,"5":2,"6":1,"7":1,"8":1,"9":0,"10":2,"11":2,"12":2,"13":2,"14":2,"15":1,"16":1,"17":1,"18":2,"19":0,"20":0,"21":0,"22":0,"23":0,"24":0,"25":0,"26":0,"27":2,"28":0,"29":0,"30":0,"31":0,"32":0,"33":2,"34":0,"35":0,"36":0,"37":0,"38":0,"39":0,"40":0,"41":2},"f":{"0":1,"1":2,"2":0,"3":0,"4":0},"b":{"0":[1,1],"1":[0,0],"2":[0,0]},"_coverageSchema":"1a1c01bbd47fc00a2c39e90264f33305004495a9","hash":"44154f95a64b8b727759ba33932efc988ece59b1"}
,"/Users/macdev2/Desktop/SPRINGBEE/Springboard/express-biztime/routes/invoices.js": {"path":"/Users/macdev2/Desktop/SPRINGBEE/Springboard/express-biztime/routes/invoices.js","statementMap":{"0":{"start":{"line":1,"column":16},"end":{"line":1,"column":34}},"1":{"start":{"line":2,"column":21},"end":{"line":2,"column":47}},"2":{"start":{"line":3,"column":15},"end":{"line":3,"column":31}},"3":{"start":{"line":4,"column":11},"end":{"line":4,"column":27}},"4":{"start":{"line":6,"column":0},"end":{"line":13,"column":2}},"5":{"start":{"line":7,"column":4},"end":{"line":12,"column":5}},"6":{"start":{"line":8,"column":24},"end":{"line":8,"column":64}},"7":{"start":{"line":9,"column":8},"end":{"line":9,"column":60}},"8":{"start":{"line":11,"column":8},"end":{"line":11,"column":15}},"9":{"start":{"line":15,"column":0},"end":{"line":26,"column":2}},"10":{"start":{"line":16,"column":4},"end":{"line":25,"column":5}},"11":{"start":{"line":17,"column":21},"end":{"line":17,"column":31}},"12":{"start":{"line":18,"column":24},"end":{"line":18,"column":82}},"13":{"start":{"line":19,"column":8},"end":{"line":21,"column":11}},"14":{"start":{"line":20,"column":12},"end":{"line":20,"column":78}},"15":{"start":{"line":22,"column":8},"end":{"line":22,"column":63}},"16":{"start":{"line":24,"column":8},"end":{"line":24,"column":15}},"17":{"start":{"line":28,"column":0},"end":{"line":40,"column":2}},"18":{"start":{"line":29,"column":4},"end":{"line":39,"column":5}},"19":{"start":{"line":30,"column":21},"end":{"line":30,"column":31}},"20":{"start":{"line":31,"column":22},"end":{"line":31,"column":30}},"21":{"start":{"line":32,"column":24},"end":{"line":32,"column":147}},"22":{"start":{"line":33,"column":8},"end":{"line":35,"column":11}},"23":{"start":{"line":34,"column":12},"end":{"line":34,"column":72}},"24":{"start":{"line":36,"column":8},"end":{"line":36,"column":63}},"25":{"start":{"line":38,"column":8},"end":{"line":38,"column":15}},"26":{"start":{"line":42,"column":0},"end":{"line":50,"column":2}},"27":{"start":{"line":43,"column":4},"end":{"line":49,"column":5}},"28":{"start":{"line":44,"column":33},"end":{"line":44,"column":41}},"29":{"start":{"line":45,"column":24},"end":{"line":45,"column":170}},"30":{"start":{"line":46,"column":8},"end":{"line":46,"column":63}},"31":{"start":{"line":48,"column":8},"end":{"line":48,"column":15}},"32":{"start":{"line":52,"column":0},"end":{"line":63,"column":2}},"33":{"start":{"line":53,"column":4},"end":{"line":62,"column":5}},"34":{"start":{"line":54,"column":21},"end":{"line":54,"column":31}},"35":{"start":{"line":55,"column":24},"end":{"line":55,"column":80}},"36":{"start":{"line":56,"column":8},"end":{"line":58,"column":11}},"37":{"start":{"line":57,"column":12},"end":{"line":57,"column":72}},"38":{"start":{"line":59,"column":8},"end":{"line":59,"column":56}},"39":{"start":{"line":61,"column":8},"end":{"line":61,"column":15}},"40":{"start":{"line":67,"column":0},"end":{"line":67,"column":23}}},"fnMap":{"0":{"name":"(anonymous_0)","decl":{"start":{"line":6,"column":16},"end":{"line":6,"column":17}},"loc":{"start":{"line":6,"column":42},"end":{"line":13,"column":1}},"line":6},"1":{"name":"(anonymous_1)","decl":{"start":{"line":15,"column":19},"end":{"line":15,"column":20}},"loc":{"start":{"line":15,"column":45},"end":{"line":26,"column":1}},"line":15},"2":{"name":"(anonymous_2)","decl":{"start":{"line":28,"column":19},"end":{"line":28,"column":20}},"loc":{"start":{"line":28,"column":45},"end":{"line":40,"column":1}},"line":28},"3":{"name":"(anonymous_3)","decl":{"start":{"line":42,"column":17},"end":{"line":42,"column":18}},"loc":{"start":{"line":42,"column":43},"end":{"line":50,"column":1}},"line":42},"4":{"name":"(anonymous_4)","decl":{"start":{"line":52,"column":22},"end":{"line":52,"column":23}},"loc":{"start":{"line":52,"column":48},"end":{"line":63,"column":1}},"line":52}},"branchMap":{"0":{"loc":{"start":{"line":19,"column":8},"end":{"line":21,"column":11}},"type":"if","locations":[{"start":{"line":19,"column":8},"end":{"line":21,"column":11}},{"start":{},"end":{}}],"line":19},"1":{"loc":{"start":{"line":33,"column":8},"end":{"line":35,"column":11}},"type":"if","locations":[{"start":{"line":33,"column":8},"end":{"line":35,"column":11}},{"start":{},"end":{}}],"line":33},"2":{"loc":{"start":{"line":56,"column":8},"end":{"line":58,"column":11}},"type":"if","locations":[{"start":{"line":56,"column":8},"end":{"line":58,"column":11}},{"start":{},"end":{}}],"line":56}},"s":{"0":2,"1":2,"2":2,"3":2,"4":2,"5":1,"6":1,"7":1,"8":0,"9":2,"10":2,"11":2,"12":2,"13":2,"14":1,"15":1,"16":1,"17":2,"18":2,"19":2,"20":2,"21":2,"22":2,"23":1,"24":1,"25":1,"26":2,"27":1,"28":1,"29":1,"30":1,"31":0,"32":2,"33":1,"34":1,"35":1,"36":1,"37":0,"38":1,"39":0,"40":2},"f":{"0":1,"1":2,"2":2,"3":1,"4":1},"b":{"0":[1,1],"1":[1,1],"2":[0,1]},"_coverageSchema":"1a1c01bbd47fc00a2c39e90264f33305004495a9","hash":"2ce060e001e471ad23a8556acdebc209121caedf"}
}
